<?xml version="1.0" encoding="UTF-8"?>
<testsuite xmlns:xsi="http://www.w3.org/2001/XMLSchema-instance" xsi:noNamespaceSchemaLocation="https://maven.apache.org/surefire/maven-surefire-plugin/xsd/surefire-test-report-3.0.xsd" version="3.0" name="TestSuite" time="135.603" tests="4" errors="0" skipped="0" failures="0">
  <properties>
    <property name="sun.desktop" value="gnome"/>
    <property name="awt.toolkit" value="sun.awt.X11.XToolkit"/>
    <property name="java.specification.version" value="11"/>
    <property name="webdriver.chrome.driver" value="/home/bilal/.cache/selenium/chromedriver/linux64/111.0.5563.64/chromedriver"/>
    <property name="sun.cpu.isalist" value=""/>
    <property name="sun.jnu.encoding" value="UTF-8"/>
    <property name="java.class.path" value="/home/bilal/IdeaProjects/selenium/evernote_automation/target/test-classes:/home/bilal/IdeaProjects/selenium/evernote_automation/target/classes:/home/bilal/.m2/repository/io/cucumber/cucumber-java/7.11.1/cucumber-java-7.11.1.jar:/home/bilal/.m2/repository/org/apiguardian/apiguardian-api/1.1.2/apiguardian-api-1.1.2.jar:/home/bilal/.m2/repository/io/cucumber/cucumber-core/7.11.1/cucumber-core-7.11.1.jar:/home/bilal/.m2/repository/io/cucumber/cucumber-gherkin/7.11.1/cucumber-gherkin-7.11.1.jar:/home/bilal/.m2/repository/io/cucumber/cucumber-gherkin-messages/7.11.1/cucumber-gherkin-messages-7.11.1.jar:/home/bilal/.m2/repository/io/cucumber/gherkin/26.0.3/gherkin-26.0.3.jar:/home/bilal/.m2/repository/io/cucumber/messages/21.0.1/messages-21.0.1.jar:/home/bilal/.m2/repository/io/cucumber/tag-expressions/5.0.1/tag-expressions-5.0.1.jar:/home/bilal/.m2/repository/io/cucumber/cucumber-expressions/16.1.2/cucumber-expressions-16.1.2.jar:/home/bilal/.m2/repository/io/cucumber/datatable/7.11.1/datatable-7.11.1.jar:/home/bilal/.m2/repository/io/cucumber/cucumber-plugin/7.11.1/cucumber-plugin-7.11.1.jar:/home/bilal/.m2/repository/io/cucumber/docstring/7.11.1/docstring-7.11.1.jar:/home/bilal/.m2/repository/io/cucumber/html-formatter/20.2.1/html-formatter-20.2.1.jar:/home/bilal/.m2/repository/io/cucumber/junit-xml-formatter/0.1.0/junit-xml-formatter-0.1.0.jar:/home/bilal/.m2/repository/io/cucumber/ci-environment/9.1.0/ci-environment-9.1.0.jar:/home/bilal/.m2/repository/io/github/bonigarcia/webdrivermanager/5.3.2/webdrivermanager-5.3.2.jar:/home/bilal/.m2/repository/org/slf4j/slf4j-api/2.0.6/slf4j-api-2.0.6.jar:/home/bilal/.m2/repository/com/google/code/gson/gson/2.10.1/gson-2.10.1.jar:/home/bilal/.m2/repository/com/github/docker-java/docker-java/3.2.14/docker-java-3.2.14.jar:/home/bilal/.m2/repository/com/github/docker-java/docker-java-core/3.2.14/docker-java-core-3.2.14.jar:/home/bilal/.m2/repository/com/github/docker-java/docker-java-api/3.2.14/docker-java-api-3.2.14.jar:/home/bilal/.m2/repository/com/fasterxml/jackson/core/jackson-annotations/2.10.3/jackson-annotations-2.10.3.jar:/home/bilal/.m2/repository/org/apache/commons/commons-compress/1.21/commons-compress-1.21.jar:/home/bilal/.m2/repository/com/fasterxml/jackson/core/jackson-databind/2.10.3/jackson-databind-2.10.3.jar:/home/bilal/.m2/repository/com/fasterxml/jackson/core/jackson-core/2.10.3/jackson-core-2.10.3.jar:/home/bilal/.m2/repository/org/bouncycastle/bcpkix-jdk15on/1.64/bcpkix-jdk15on-1.64.jar:/home/bilal/.m2/repository/org/bouncycastle/bcprov-jdk15on/1.64/bcprov-jdk15on-1.64.jar:/home/bilal/.m2/repository/org/slf4j/jcl-over-slf4j/1.7.30/jcl-over-slf4j-1.7.30.jar:/home/bilal/.m2/repository/com/github/docker-java/docker-java-transport-httpclient5/3.2.14/docker-java-transport-httpclient5-3.2.14.jar:/home/bilal/.m2/repository/com/github/docker-java/docker-java-transport/3.2.14/docker-java-transport-3.2.14.jar:/home/bilal/.m2/repository/net/java/dev/jna/jna/5.12.1/jna-5.12.1.jar:/home/bilal/.m2/repository/org/brotli/dec/0.1.2/dec-0.1.2.jar:/home/bilal/.m2/repository/org/apache/commons/commons-lang3/3.12.0/commons-lang3-3.12.0.jar:/home/bilal/.m2/repository/org/apache/httpcomponents/client5/httpclient5/5.2.1/httpclient5-5.2.1.jar:/home/bilal/.m2/repository/org/apache/httpcomponents/core5/httpcore5/5.2/httpcore5-5.2.jar:/home/bilal/.m2/repository/org/apache/httpcomponents/core5/httpcore5-h2/5.2/httpcore5-h2-5.2.jar:/home/bilal/.m2/repository/io/cucumber/cucumber-testng/7.11.1/cucumber-testng-7.11.1.jar:/home/bilal/.m2/repository/commons-io/commons-io/2.4/commons-io-2.4.jar:/home/bilal/.m2/repository/io/cucumber/cucumber-junit/6.9.1/cucumber-junit-6.9.1.jar:/home/bilal/.m2/repository/mysql/mysql-connector-java/8.0.25/mysql-connector-java-8.0.25.jar:/home/bilal/.m2/repository/com/google/protobuf/protobuf-java/3.11.4/protobuf-java-3.11.4.jar:/home/bilal/.m2/repository/org/projectlombok/lombok/1.18.20/lombok-1.18.20.jar:/home/bilal/.m2/repository/com/aventstack/extentreports/5.0.8/extentreports-5.0.8.jar:/home/bilal/.m2/repository/io/reactivex/rxjava3/rxjava/3.0.4/rxjava-3.0.4.jar:/home/bilal/.m2/repository/org/reactivestreams/reactive-streams/1.0.3/reactive-streams-1.0.3.jar:/home/bilal/.m2/repository/org/freemarker/freemarker/2.3.30/freemarker-2.3.30.jar:/home/bilal/.m2/repository/org/apache/commons/commons-exec/1.3/commons-exec-1.3.jar:/home/bilal/.m2/repository/org/seleniumhq/selenium/selenium-java/3.141.59/selenium-java-3.141.59.jar:/home/bilal/.m2/repository/org/seleniumhq/selenium/selenium-api/3.141.59/selenium-api-3.141.59.jar:/home/bilal/.m2/repository/org/seleniumhq/selenium/selenium-chrome-driver/3.141.59/selenium-chrome-driver-3.141.59.jar:/home/bilal/.m2/repository/org/seleniumhq/selenium/selenium-edge-driver/3.141.59/selenium-edge-driver-3.141.59.jar:/home/bilal/.m2/repository/org/seleniumhq/selenium/selenium-firefox-driver/3.141.59/selenium-firefox-driver-3.141.59.jar:/home/bilal/.m2/repository/org/seleniumhq/selenium/selenium-ie-driver/3.141.59/selenium-ie-driver-3.141.59.jar:/home/bilal/.m2/repository/org/seleniumhq/selenium/selenium-opera-driver/3.141.59/selenium-opera-driver-3.141.59.jar:/home/bilal/.m2/repository/org/seleniumhq/selenium/selenium-remote-driver/3.141.59/selenium-remote-driver-3.141.59.jar:/home/bilal/.m2/repository/org/seleniumhq/selenium/selenium-safari-driver/3.141.59/selenium-safari-driver-3.141.59.jar:/home/bilal/.m2/repository/org/seleniumhq/selenium/selenium-support/3.141.59/selenium-support-3.141.59.jar:/home/bilal/.m2/repository/net/bytebuddy/byte-buddy/1.8.15/byte-buddy-1.8.15.jar:/home/bilal/.m2/repository/com/google/guava/guava/25.0-jre/guava-25.0-jre.jar:/home/bilal/.m2/repository/com/google/code/findbugs/jsr305/1.3.9/jsr305-1.3.9.jar:/home/bilal/.m2/repository/org/checkerframework/checker-compat-qual/2.0.0/checker-compat-qual-2.0.0.jar:/home/bilal/.m2/repository/com/google/errorprone/error_prone_annotations/2.1.3/error_prone_annotations-2.1.3.jar:/home/bilal/.m2/repository/com/google/j2objc/j2objc-annotations/1.1/j2objc-annotations-1.1.jar:/home/bilal/.m2/repository/org/codehaus/mojo/animal-sniffer-annotations/1.14/animal-sniffer-annotations-1.14.jar:/home/bilal/.m2/repository/com/squareup/okhttp3/okhttp/3.11.0/okhttp-3.11.0.jar:/home/bilal/.m2/repository/com/squareup/okio/okio/1.14.0/okio-1.14.0.jar:/home/bilal/.m2/repository/org/testng/testng/7.1.0/testng-7.1.0.jar:/home/bilal/.m2/repository/com/beust/jcommander/1.72/jcommander-1.72.jar:/home/bilal/.m2/repository/com/google/inject/guice/4.1.0/guice-4.1.0-no_aop.jar:/home/bilal/.m2/repository/javax/inject/javax.inject/1/javax.inject-1.jar:/home/bilal/.m2/repository/aopalliance/aopalliance/1.0/aopalliance-1.0.jar:/home/bilal/.m2/repository/org/yaml/snakeyaml/1.21/snakeyaml-1.21.jar:/home/bilal/.m2/repository/junit/junit/4.11/junit-4.11.jar:/home/bilal/.m2/repository/org/hamcrest/hamcrest-core/1.3/hamcrest-core-1.3.jar:/home/bilal/.m2/repository/org/apache/logging/log4j/log4j-api/2.14.1/log4j-api-2.14.1.jar:/home/bilal/.m2/repository/org/apache/logging/log4j/log4j-core/2.14.1/log4j-core-2.14.1.jar:/home/bilal/.m2/repository/com/googlecode/json-simple/json-simple/1.1.1/json-simple-1.1.1.jar:"/>
    <property name="java.vm.vendor" value="Ubuntu"/>
    <property name="sun.arch.data.model" value="64"/>
    <property name="java.vendor.url" value="https://ubuntu.com/"/>
    <property name="user.timezone" value="Asia/Kolkata"/>
    <property name="java.vm.specification.version" value="11"/>
    <property name="os.name" value="Linux"/>
    <property name="sun.java.launcher" value="SUN_STANDARD"/>
    <property name="user.country" value="US"/>
    <property name="sun.boot.library.path" value="/usr/lib/jvm/java-11-openjdk-amd64/lib"/>
    <property name="sun.java.command" value="/home/bilal/IdeaProjects/selenium/evernote_automation/target/surefire/surefirebooter13296539646099008392.jar /home/bilal/IdeaProjects/selenium/evernote_automation/target/surefire 2023-04-16T17-51-45_315-jvmRun1 surefire479965151928893128tmp surefire_08287441010392105594tmp"/>
    <property name="jdk.debug" value="release"/>
    <property name="surefire.test.class.path" value="/home/bilal/IdeaProjects/selenium/evernote_automation/target/test-classes:/home/bilal/IdeaProjects/selenium/evernote_automation/target/classes:/home/bilal/.m2/repository/io/cucumber/cucumber-java/7.11.1/cucumber-java-7.11.1.jar:/home/bilal/.m2/repository/org/apiguardian/apiguardian-api/1.1.2/apiguardian-api-1.1.2.jar:/home/bilal/.m2/repository/io/cucumber/cucumber-core/7.11.1/cucumber-core-7.11.1.jar:/home/bilal/.m2/repository/io/cucumber/cucumber-gherkin/7.11.1/cucumber-gherkin-7.11.1.jar:/home/bilal/.m2/repository/io/cucumber/cucumber-gherkin-messages/7.11.1/cucumber-gherkin-messages-7.11.1.jar:/home/bilal/.m2/repository/io/cucumber/gherkin/26.0.3/gherkin-26.0.3.jar:/home/bilal/.m2/repository/io/cucumber/messages/21.0.1/messages-21.0.1.jar:/home/bilal/.m2/repository/io/cucumber/tag-expressions/5.0.1/tag-expressions-5.0.1.jar:/home/bilal/.m2/repository/io/cucumber/cucumber-expressions/16.1.2/cucumber-expressions-16.1.2.jar:/home/bilal/.m2/repository/io/cucumber/datatable/7.11.1/datatable-7.11.1.jar:/home/bilal/.m2/repository/io/cucumber/cucumber-plugin/7.11.1/cucumber-plugin-7.11.1.jar:/home/bilal/.m2/repository/io/cucumber/docstring/7.11.1/docstring-7.11.1.jar:/home/bilal/.m2/repository/io/cucumber/html-formatter/20.2.1/html-formatter-20.2.1.jar:/home/bilal/.m2/repository/io/cucumber/junit-xml-formatter/0.1.0/junit-xml-formatter-0.1.0.jar:/home/bilal/.m2/repository/io/cucumber/ci-environment/9.1.0/ci-environment-9.1.0.jar:/home/bilal/.m2/repository/io/github/bonigarcia/webdrivermanager/5.3.2/webdrivermanager-5.3.2.jar:/home/bilal/.m2/repository/org/slf4j/slf4j-api/2.0.6/slf4j-api-2.0.6.jar:/home/bilal/.m2/repository/com/google/code/gson/gson/2.10.1/gson-2.10.1.jar:/home/bilal/.m2/repository/com/github/docker-java/docker-java/3.2.14/docker-java-3.2.14.jar:/home/bilal/.m2/repository/com/github/docker-java/docker-java-core/3.2.14/docker-java-core-3.2.14.jar:/home/bilal/.m2/repository/com/github/docker-java/docker-java-api/3.2.14/docker-java-api-3.2.14.jar:/home/bilal/.m2/repository/com/fasterxml/jackson/core/jackson-annotations/2.10.3/jackson-annotations-2.10.3.jar:/home/bilal/.m2/repository/org/apache/commons/commons-compress/1.21/commons-compress-1.21.jar:/home/bilal/.m2/repository/com/fasterxml/jackson/core/jackson-databind/2.10.3/jackson-databind-2.10.3.jar:/home/bilal/.m2/repository/com/fasterxml/jackson/core/jackson-core/2.10.3/jackson-core-2.10.3.jar:/home/bilal/.m2/repository/org/bouncycastle/bcpkix-jdk15on/1.64/bcpkix-jdk15on-1.64.jar:/home/bilal/.m2/repository/org/bouncycastle/bcprov-jdk15on/1.64/bcprov-jdk15on-1.64.jar:/home/bilal/.m2/repository/org/slf4j/jcl-over-slf4j/1.7.30/jcl-over-slf4j-1.7.30.jar:/home/bilal/.m2/repository/com/github/docker-java/docker-java-transport-httpclient5/3.2.14/docker-java-transport-httpclient5-3.2.14.jar:/home/bilal/.m2/repository/com/github/docker-java/docker-java-transport/3.2.14/docker-java-transport-3.2.14.jar:/home/bilal/.m2/repository/net/java/dev/jna/jna/5.12.1/jna-5.12.1.jar:/home/bilal/.m2/repository/org/brotli/dec/0.1.2/dec-0.1.2.jar:/home/bilal/.m2/repository/org/apache/commons/commons-lang3/3.12.0/commons-lang3-3.12.0.jar:/home/bilal/.m2/repository/org/apache/httpcomponents/client5/httpclient5/5.2.1/httpclient5-5.2.1.jar:/home/bilal/.m2/repository/org/apache/httpcomponents/core5/httpcore5/5.2/httpcore5-5.2.jar:/home/bilal/.m2/repository/org/apache/httpcomponents/core5/httpcore5-h2/5.2/httpcore5-h2-5.2.jar:/home/bilal/.m2/repository/io/cucumber/cucumber-testng/7.11.1/cucumber-testng-7.11.1.jar:/home/bilal/.m2/repository/commons-io/commons-io/2.4/commons-io-2.4.jar:/home/bilal/.m2/repository/io/cucumber/cucumber-junit/6.9.1/cucumber-junit-6.9.1.jar:/home/bilal/.m2/repository/mysql/mysql-connector-java/8.0.25/mysql-connector-java-8.0.25.jar:/home/bilal/.m2/repository/com/google/protobuf/protobuf-java/3.11.4/protobuf-java-3.11.4.jar:/home/bilal/.m2/repository/org/projectlombok/lombok/1.18.20/lombok-1.18.20.jar:/home/bilal/.m2/repository/com/aventstack/extentreports/5.0.8/extentreports-5.0.8.jar:/home/bilal/.m2/repository/io/reactivex/rxjava3/rxjava/3.0.4/rxjava-3.0.4.jar:/home/bilal/.m2/repository/org/reactivestreams/reactive-streams/1.0.3/reactive-streams-1.0.3.jar:/home/bilal/.m2/repository/org/freemarker/freemarker/2.3.30/freemarker-2.3.30.jar:/home/bilal/.m2/repository/org/apache/commons/commons-exec/1.3/commons-exec-1.3.jar:/home/bilal/.m2/repository/org/seleniumhq/selenium/selenium-java/3.141.59/selenium-java-3.141.59.jar:/home/bilal/.m2/repository/org/seleniumhq/selenium/selenium-api/3.141.59/selenium-api-3.141.59.jar:/home/bilal/.m2/repository/org/seleniumhq/selenium/selenium-chrome-driver/3.141.59/selenium-chrome-driver-3.141.59.jar:/home/bilal/.m2/repository/org/seleniumhq/selenium/selenium-edge-driver/3.141.59/selenium-edge-driver-3.141.59.jar:/home/bilal/.m2/repository/org/seleniumhq/selenium/selenium-firefox-driver/3.141.59/selenium-firefox-driver-3.141.59.jar:/home/bilal/.m2/repository/org/seleniumhq/selenium/selenium-ie-driver/3.141.59/selenium-ie-driver-3.141.59.jar:/home/bilal/.m2/repository/org/seleniumhq/selenium/selenium-opera-driver/3.141.59/selenium-opera-driver-3.141.59.jar:/home/bilal/.m2/repository/org/seleniumhq/selenium/selenium-remote-driver/3.141.59/selenium-remote-driver-3.141.59.jar:/home/bilal/.m2/repository/org/seleniumhq/selenium/selenium-safari-driver/3.141.59/selenium-safari-driver-3.141.59.jar:/home/bilal/.m2/repository/org/seleniumhq/selenium/selenium-support/3.141.59/selenium-support-3.141.59.jar:/home/bilal/.m2/repository/net/bytebuddy/byte-buddy/1.8.15/byte-buddy-1.8.15.jar:/home/bilal/.m2/repository/com/google/guava/guava/25.0-jre/guava-25.0-jre.jar:/home/bilal/.m2/repository/com/google/code/findbugs/jsr305/1.3.9/jsr305-1.3.9.jar:/home/bilal/.m2/repository/org/checkerframework/checker-compat-qual/2.0.0/checker-compat-qual-2.0.0.jar:/home/bilal/.m2/repository/com/google/errorprone/error_prone_annotations/2.1.3/error_prone_annotations-2.1.3.jar:/home/bilal/.m2/repository/com/google/j2objc/j2objc-annotations/1.1/j2objc-annotations-1.1.jar:/home/bilal/.m2/repository/org/codehaus/mojo/animal-sniffer-annotations/1.14/animal-sniffer-annotations-1.14.jar:/home/bilal/.m2/repository/com/squareup/okhttp3/okhttp/3.11.0/okhttp-3.11.0.jar:/home/bilal/.m2/repository/com/squareup/okio/okio/1.14.0/okio-1.14.0.jar:/home/bilal/.m2/repository/org/testng/testng/7.1.0/testng-7.1.0.jar:/home/bilal/.m2/repository/com/beust/jcommander/1.72/jcommander-1.72.jar:/home/bilal/.m2/repository/com/google/inject/guice/4.1.0/guice-4.1.0-no_aop.jar:/home/bilal/.m2/repository/javax/inject/javax.inject/1/javax.inject-1.jar:/home/bilal/.m2/repository/aopalliance/aopalliance/1.0/aopalliance-1.0.jar:/home/bilal/.m2/repository/org/yaml/snakeyaml/1.21/snakeyaml-1.21.jar:/home/bilal/.m2/repository/junit/junit/4.11/junit-4.11.jar:/home/bilal/.m2/repository/org/hamcrest/hamcrest-core/1.3/hamcrest-core-1.3.jar:/home/bilal/.m2/repository/org/apache/logging/log4j/log4j-api/2.14.1/log4j-api-2.14.1.jar:/home/bilal/.m2/repository/org/apache/logging/log4j/log4j-core/2.14.1/log4j-core-2.14.1.jar:/home/bilal/.m2/repository/com/googlecode/json-simple/json-simple/1.1.1/json-simple-1.1.1.jar:"/>
    <property name="sun.cpu.endian" value="little"/>
    <property name="user.home" value="/home/bilal"/>
    <property name="user.language" value="en"/>
    <property name="java.specification.vendor" value="Oracle Corporation"/>
    <property name="java.version.date" value="2023-01-17"/>
    <property name="java.home" value="/usr/lib/jvm/java-11-openjdk-amd64"/>
    <property name="file.separator" value="/"/>
    <property name="basedir" value="/home/bilal/IdeaProjects/selenium/evernote_automation"/>
    <property name="java.vm.compressedOopsMode" value="32-bit"/>
    <property name="line.separator" value="&#10;"/>
    <property name="java.specification.name" value="Java Platform API Specification"/>
    <property name="java.vm.specification.vendor" value="Oracle Corporation"/>
    <property name="java.awt.graphicsenv" value="sun.awt.X11GraphicsEnvironment"/>
    <property name="surefire.real.class.path" value="/home/bilal/IdeaProjects/selenium/evernote_automation/target/surefire/surefirebooter13296539646099008392.jar"/>
    <property name="sun.management.compiler" value="HotSpot 64-Bit Tiered Compilers"/>
    <property name="java.runtime.version" value="11.0.18+10-post-Ubuntu-0ubuntu122.04"/>
    <property name="user.name" value="bilal"/>
    <property name="path.separator" value=":"/>
    <property name="os.version" value="5.19.0-38-generic"/>
    <property name="java.runtime.name" value="OpenJDK Runtime Environment"/>
    <property name="file.encoding" value="UTF-8"/>
    <property name="java.vm.name" value="OpenJDK 64-Bit Server VM"/>
    <property name="localRepository" value="/home/bilal/.m2/repository"/>
    <property name="java.vendor.url.bug" value="https://bugs.launchpad.net/ubuntu/+source/openjdk-lts"/>
    <property name="java.io.tmpdir" value="/tmp"/>
    <property name="java.version" value="11.0.18"/>
    <property name="user.dir" value="/home/bilal/IdeaProjects/selenium/evernote_automation"/>
    <property name="os.arch" value="amd64"/>
    <property name="java.vm.specification.name" value="Java Virtual Machine Specification"/>
    <property name="java.awt.printerjob" value="sun.print.PSPrinterJob"/>
    <property name="sun.os.patch.level" value="unknown"/>
    <property name="java.library.path" value="/usr/java/packages/lib:/usr/lib/x86_64-linux-gnu/jni:/lib/x86_64-linux-gnu:/usr/lib/x86_64-linux-gnu:/usr/lib/jni:/lib:/usr/lib"/>
    <property name="java.vm.info" value="mixed mode, sharing"/>
    <property name="java.vendor" value="Ubuntu"/>
    <property name="java.vm.version" value="11.0.18+10-post-Ubuntu-0ubuntu122.04"/>
    <property name="sun.io.unicode.encoding" value="UnicodeLittle"/>
    <property name="java.class.version" value="55.0"/>
  </properties>
  <testcase name="runScenario[&quot;ever note invalid login scenario&quot;, &quot;Product features&quot;](1)" classname="testRunner.Runner" time="14.907">
    <system-out><![CDATA[report generation initiated

@smoke @TC_1 @login
Scenario Outline: ever note invalid login scenario                                 &amp#27;[90m# src/test/java/features/ever_note.feature:11&amp#27;[0m
launching url for a new test execution
Scenario	ever note invalid login scenarioexecution started
  &amp#27;[32mGiven &amp#27;[0m&amp#27;[32mUser clicks on already have account&amp#27;[0m                                        &amp#27;[90m# step_definitions.ever_note_home.User_clicks_on_already_have_account()&amp#27;[0m
bilalroshan5@gmail.com	 entered into the field
	element clicked
######	 entered into the field
  &amp#27;[32mWhen &amp#27;[0m&amp#27;[32mUser logs into evernote application using &amp#27;[0m&amp#27;[32m&amp#27;[1mbilalroshan5@gmail.com&amp#27;[0m&amp#27;[32m and &amp#27;[0m&amp#27;[32m&amp#27;[1m######&amp#27;[0m &amp#27;[90m# step_definitions.ever_note_home.User_logs_into_evernote_application_using_email_password(java.lang.String,java.lang.String)&amp#27;[0m
  &amp#27;[32mAnd &amp#27;[0m&amp#27;[32mUser clicks login&amp#27;[0m                                                            &amp#27;[90m# step_definitions.ever_note_home.User_clicks_login()&amp#27;[0m
executing validation for invalid login
Incorrect password. You modified your password 2 days ago.
  &amp#27;[32mAnd &amp#27;[0m&amp#27;[32mUser must see message as &amp#27;[0m&amp#27;[32m&amp#27;[1mIncorrect password&amp#27;[0m                                  &amp#27;[90m# step_definitions.ever_note_home.User_must_see_message_as_incorrect_password(java.lang.String)&amp#27;[0m
Scenario	execution status isPASSED
Listener pass
]]></system-out>
    <system-err><![CDATA[SLF4J: No SLF4J providers were found.
SLF4J: Defaulting to no-operation (NOP) logger implementation
SLF4J: See https://www.slf4j.org/codes.html#noProviders for further details.
Starting ChromeDriver 111.0.5563.64 (c710e93d5b63b7095afe8c2c17df34408078439d-refs/branch-heads/5563@{#995}) on port 26720
Only local connections are allowed.
Please see https://chromedriver.chromium.org/security-considerations for suggestions on keeping ChromeDriver safe.
ChromeDriver was started successfully.
Apr 16, 2023 5:51:53 PM org.openqa.selenium.remote.ProtocolHandshake createSession
INFO: Detected dialect: W3C
]]></system-err>
  </testcase>
  <testcase name="runScenario[&quot;ever note valid user login scenario&quot;, &quot;Product features&quot;](2)" classname="testRunner.Runner" time="44.01">
    <system-out><![CDATA[
@smoke @TC_2 @login
Scenario Outline: ever note valid user login scenario                                 &amp#27;[90m# src/test/java/features/ever_note.feature:23&amp#27;[0m
launching url for a new test execution
Scenario	ever note valid user login scenarioexecution started
  &amp#27;[32mGiven &amp#27;[0m&amp#27;[32mUser clicks on already have account&amp#27;[0m                                           &amp#27;[90m# step_definitions.ever_note_home.User_clicks_on_already_have_account()&amp#27;[0m
bilalroshan5@gmail.com	 entered into the field
	element clicked
User@1234	 entered into the field
  &amp#27;[32mWhen &amp#27;[0m&amp#27;[32mUser logs into evernote application using &amp#27;[0m&amp#27;[32m&amp#27;[1mbilalroshan5@gmail.com&amp#27;[0m&amp#27;[32m and &amp#27;[0m&amp#27;[32m&amp#27;[1mUser@1234&amp#27;[0m &amp#27;[90m# step_definitions.ever_note_home.User_logs_into_evernote_application_using_email_password(java.lang.String,java.lang.String)&amp#27;[0m
  &amp#27;[32mAnd &amp#27;[0m&amp#27;[32mUser clicks login&amp#27;[0m                                                               &amp#27;[90m# step_definitions.ever_note_home.User_clicks_login()&amp#27;[0m
executing validation for Valid login
logged in user confirmation email is bilalroshan5@gmail.com
  &amp#27;[32mAnd &amp#27;[0m&amp#27;[32mUser must see message as &amp#27;[0m&amp#27;[32m&amp#27;[1mbilalroshan5@gmail.com&amp#27;[0m                                 &amp#27;[90m# step_definitions.ever_note_home.User_must_see_message_as_incorrect_password(java.lang.String)&amp#27;[0m
bilalroshan5@gmail.com	element clicked
logout completed
  &amp#27;[32mThen &amp#27;[0m&amp#27;[32mUser clicks logout&amp#27;[0m                                                             &amp#27;[90m# step_definitions.ever_note_home.User_clicks_logout()&amp#27;[0m
Scenario	execution status isPASSED
Listener pass
]]></system-out>
  </testcase>
  <testcase name="runScenario[&quot;creating a new note in ever note&quot;, &quot;Product features&quot;](3)" classname="testRunner.Runner" time="33.63">
    <system-out><![CDATA[
@note_operation @smoke @TC3
Scenario Outline: creating a new note in ever note                                    &amp#27;[90m# src/test/java/features/ever_note.feature:36&amp#27;[0m
launching url for a new test execution
Scenario	creating a new note in ever noteexecution started
  &amp#27;[32mGiven &amp#27;[0m&amp#27;[32mUser clicks on already have account&amp#27;[0m                                           &amp#27;[90m# step_definitions.ever_note_home.User_clicks_on_already_have_account()&amp#27;[0m
bilalroshan5@gmail.com	 entered into the field
	element clicked
User@1234	 entered into the field
  &amp#27;[32mWhen &amp#27;[0m&amp#27;[32mUser logs into evernote application using &amp#27;[0m&amp#27;[32m&amp#27;[1mbilalroshan5@gmail.com&amp#27;[0m&amp#27;[32m and &amp#27;[0m&amp#27;[32m&amp#27;[1mUser@1234&amp#27;[0m &amp#27;[90m# step_definitions.ever_note_home.User_logs_into_evernote_application_using_email_password(java.lang.String,java.lang.String)&amp#27;[0m
  &amp#27;[32mAnd &amp#27;[0m&amp#27;[32mUser clicks login&amp#27;[0m                                                               &amp#27;[90m# step_definitions.ever_note_home.User_clicks_login()&amp#27;[0m
executing validation for Valid login
logged in user confirmation email is bilalroshan5@gmail.com
  &amp#27;[32mThen &amp#27;[0m&amp#27;[32mUser must see message as &amp#27;[0m&amp#27;[32m&amp#27;[1mbilalroshan5@gmail.com&amp#27;[0m                                &amp#27;[90m# step_definitions.ever_note_home.User_must_see_message_as_incorrect_password(java.lang.String)&amp#27;[0m
	element clicked
  &amp#27;[32mWhen &amp#27;[0m&amp#27;[32mUser clicks new note button&amp#27;[0m                                                    &amp#27;[90m# step_definitions.ever_note_home.User_clicks_new_note_button()&amp#27;[0m
switched to default o frame
created note title is video_slots0.8059348390401205
video_slots0.8059348390401205	 entered into the field
waiting to save changes
  &amp#27;[32mAnd &amp#27;[0m&amp#27;[32mUser enters data into title as &amp#27;[0m&amp#27;[32m&amp#27;[1mvideo_slots&amp#27;[0m                                      &amp#27;[90m# step_definitions.ever_note_home.user_enters_data_into_title(java.lang.String)&amp#27;[0m
bilalroshan5@gmail.com	element clicked
logout completed
  &amp#27;[32mThen &amp#27;[0m&amp#27;[32mUser clicks logout&amp#27;[0m                                                             &amp#27;[90m# step_definitions.ever_note_home.User_clicks_logout()&amp#27;[0m
Scenario	execution status isPASSED
Listener pass
]]></system-out>
  </testcase>
  <testcase name="runScenario[&quot;opening previously created note&quot;, &quot;Product features&quot;](4)" classname="testRunner.Runner" time="36.168">
    <system-out><![CDATA[
@existing_note @smoke @note_operation
Scenario Outline: opening previously created note                                     &amp#27;[90m# src/test/java/features/ever_note.feature:47&amp#27;[0m
launching url for a new test execution
Scenario	opening previously created noteexecution started
  &amp#27;[32mGiven &amp#27;[0m&amp#27;[32mUser clicks on already have account&amp#27;[0m                                           &amp#27;[90m# step_definitions.ever_note_home.User_clicks_on_already_have_account()&amp#27;[0m
bilalroshan5@gmail.com	 entered into the field
	element clicked
User@1234	 entered into the field
  &amp#27;[32mWhen &amp#27;[0m&amp#27;[32mUser logs into evernote application using &amp#27;[0m&amp#27;[32m&amp#27;[1mbilalroshan5@gmail.com&amp#27;[0m&amp#27;[32m and &amp#27;[0m&amp#27;[32m&amp#27;[1mUser@1234&amp#27;[0m &amp#27;[90m# step_definitions.ever_note_home.User_logs_into_evernote_application_using_email_password(java.lang.String,java.lang.String)&amp#27;[0m
  &amp#27;[32mAnd &amp#27;[0m&amp#27;[32mUser clicks login&amp#27;[0m                                                               &amp#27;[90m# step_definitions.ever_note_home.User_clicks_login()&amp#27;[0m
executing validation for Valid login
logged in user confirmation email is bilalroshan5@gmail.com
  &amp#27;[32mAnd &amp#27;[0m&amp#27;[32mUser must see message as &amp#27;[0m&amp#27;[32m&amp#27;[1mbilalroshan5@gmail.com&amp#27;[0m                                 &amp#27;[90m# step_definitions.ever_note_home.User_must_see_message_as_incorrect_password(java.lang.String)&amp#27;[0m
initiated search
length of titles list is4
text value isvideo_slots0.8059348390401205
User must open the note with id	video_slots0.8059348390401205
previous created note opened with note idvideo_slots0.8059348390401205
  &amp#27;[32mThen &amp#27;[0m&amp#27;[32mUser searches for existing_note&amp#27;[0m                                                &amp#27;[90m# step_definitions.ever_note_home.User_searches_for_existing_note()&amp#27;[0m
Scenario	execution status isPASSED
Listener pass
]]></system-out>
  </testcase>
</testsuite>