<?xml version="1.0" encoding="UTF-8"?>
<!-- Generated by org.testng.reporters.JUnitReportReporter -->
<testsuite hostname="bilalspace" failures="0" tests="4" name="testRunner.Runner" time="128.691" errors="0" timestamp="2023-04-16T17:54:03 IST" skipped="0">
  <testcase classname="testRunner.Runner" name="runScenario" time="14.869"/>
  <system-out/>
  <testcase classname="testRunner.Runner" name="runScenario" time="33.632"/>
  <system-out/>
  <testcase classname="testRunner.Runner" name="runScenario" time="36.145"/>
  <system-out/>
  <testcase classname="testRunner.Runner" name="runScenario" time="44.045"/>
  <system-out/>
</testsuite> <!-- testRunner.Runner -->
