<?xml version="1.0" encoding="UTF-8"?>
<!-- Generated by org.testng.reporters.JUnitReportReporter -->
<testsuite hostname="bilalspace" failures="0" tests="4" name="testRunner.Runner" time="182.988" errors="0" timestamp="2023-04-16T22:02:11 IST" skipped="0">
  <testcase classname="testRunner.Runner" name="runScenario" time="42.499"/>
  <system-out/>
  <testcase classname="testRunner.Runner" name="runScenario" time="94.565"/>
  <system-out/>
  <testcase classname="testRunner.Runner" name="runScenario" time="34.335"/>
  <system-out/>
  <testcase classname="testRunner.Runner" name="runScenario" time="11.589"/>
  <system-out/>
</testsuite> <!-- testRunner.Runner -->
